\BOOKMARK [1][-]{section.1}{\376\377\000O\000b\000j\000e\000t\000i\000v\000o\000s}{}% 1
\BOOKMARK [2][-]{subsection.1.1}{\376\377\000O\000b\000j\000e\000t\000i\000v\000o\000\040\000G\000e\000r\000a\000l}{section.1}% 2
\BOOKMARK [2][-]{subsection.1.2}{\376\377\000O\000b\000j\000e\000t\000i\000v\000o\000s\000\040\000E\000s\000p\000e\000c\000\355\000f\000i\000c\000o\000s}{section.1}% 3
\BOOKMARK [1][-]{section.2}{\376\377\000J\000u\000s\000t\000i\000f\000i\000c\000a\000t\000i\000v\000a}{}% 4
\BOOKMARK [1][-]{section.3}{\376\377\000B\000a\000s\000e\000\040\000d\000e\000\040\000D\000a\000d\000o\000s}{}% 5
\BOOKMARK [2][-]{subsection.3.1}{\376\377\0001\0006\000\040\000V\000a\000r\000i\000\341\000v\000e\000i\000s\000\040\000d\000e\000\040\000e\000n\000t\000r\000a\000d\000a\000:}{section.3}% 6
\BOOKMARK [2][-]{subsection.3.2}{\376\377\000U\000m\000a\000\040\000V\000a\000r\000i\000a\000v\000e\000l\000\040\000d\000e\000\040\000s\000a\000i\000d\000a\000:}{section.3}% 7
\BOOKMARK [1][-]{section.4}{\376\377\000A\000n\000\341\000l\000i\000s\000e\000\040\000E\000x\000p\000l\000o\000r\000a\000t\000\363\000r\000i\000a\000\040\000d\000o\000s\000\040\000D\000a\000d\000o\000s}{}% 8
\BOOKMARK [2][-]{subsection.4.1}{\376\377\000D\000e\000s\000c\000r\000i\000\347\000\343\000o\000\040\000E\000s\000t\000a\000t\000\355\000s\000t\000i\000c\000a\000\040\000d\000o\000s\000\040\000d\000a\000d\000o\000s}{section.4}% 9
\BOOKMARK [2][-]{subsection.4.2}{\376\377\000D\000a\000d\000o\000s\000\040\000D\000i\000s\000p\000o\000n\000\355\000v\000e\000i\000s\000\040\000o\000u\000\040\000a\000u\000s\000e\000n\000t\000e\000s}{section.4}% 10
\BOOKMARK [2][-]{subsection.4.3}{\376\377\000G\000r\000\341\000f\000i\000c\000o\000s}{section.4}% 11
\BOOKMARK [2][-]{subsection.4.4}{\376\377\000O\000u\000t\000l\000i\000e\000r\000s}{section.4}% 12
\BOOKMARK [1][-]{section.5}{\376\377\000C\000l\000a\000s\000s\000i\000f\000i\000c\000a\000d\000o\000r\000\040\000I\000n\000g\000\352\000n\000u\000o\000\040\000d\000e\000\040\000B\000a\000y\000e\000s}{}% 13
\BOOKMARK [2][-]{subsection.5.1}{\376\377\000D\000e\000f\000i\000n\000i\000\347\000\343\000o\000\040\000F\000o\000r\000m\000a\000l\000\040\000d\000o\000\040\000T\000e\000o\000r\000e\000m\000a\000\040\000d\000e\000\040\000B\000a\000y\000e\000s}{section.5}% 14
\BOOKMARK [2][-]{subsection.5.2}{\376\377\000T\000i\000p\000o\000s\000\040\000d\000e\000\040\000C\000l\000a\000s\000s\000i\000f\000i\000c\000a\000d\000o\000r\000e\000s\000\040\000I\000n\000g\000\352\000n\000u\000o\000s\000\040\000d\000e\000\040\000B\000a\000y\000e\000s}{section.5}% 15
\BOOKMARK [3][-]{subsubsection.5.2.1}{\376\377\000B\000a\000y\000e\000s\000\040\000I\000n\000g\000\352\000n\000u\000o\000\040\000G\000a\000u\000s\000s\000i\000a\000n\000o}{subsection.5.2}% 16
\BOOKMARK [3][-]{subsubsection.5.2.2}{\376\377\000B\000a\000y\000e\000s\000\040\000I\000n\000g\000\352\000n\000u\000o\000\040\000C\000a\000t\000e\000g\000\363\000r\000i\000c\000o}{subsection.5.2}% 17
\BOOKMARK [2][-]{subsection.5.3}{\376\377\000S\000o\000b\000r\000e\000\040\000o\000\040\000P\000r\000o\000j\000e\000t\000o}{section.5}% 18
\BOOKMARK [1][-]{section.6}{\376\377\000E\000x\000p\000e\000r\000i\000m\000e\000n\000t\000o\000s}{}% 19
\BOOKMARK [2][-]{subsection.6.1}{\376\377\000E\000x\000p\000e\000r\000i\000m\000e\000n\000t\000o\000s\000\040\000I\000n\000i\000c\000i\000a\000i\000s}{section.6}% 20
\BOOKMARK [1][-]{section.7}{\376\377\000A\000n\000\341\000l\000i\000s\000e\000\040\000d\000o\000s\000\040\000R\000e\000s\000u\000l\000t\000a\000d\000o\000s}{}% 21
\BOOKMARK [1][-]{section.8}{\376\377\000C\000o\000n\000c\000l\000u\000s\000\365\000e\000s\000\040\000e\000\040\000D\000i\000s\000c\000u\000s\000s\000\365\000e\000s}{}% 22
\BOOKMARK [1][-]{section*.1}{\376\377\000R\000e\000f\000e\000r\000e\000n\000c\000e\000s}{}% 23
