\BOOKMARK [1][-]{section.1}{Objetivos}{}% 1
\BOOKMARK [2][-]{subsection.1.1}{Objetivo Geral}{section.1}% 2
\BOOKMARK [2][-]{subsection.1.2}{Objetivos Espec\355ficos}{section.1}% 3
\BOOKMARK [1][-]{section.2}{Justificativa}{}% 4
\BOOKMARK [1][-]{section.3}{Base de Dados}{}% 5
\BOOKMARK [2][-]{subsection.3.1}{16 Vari\341veis de entrada:}{section.3}% 6
\BOOKMARK [2][-]{subsection.3.2}{Uma Variavel de saida:}{section.3}% 7
\BOOKMARK [1][-]{section.4}{An\341lise Explorat\363ria dos Dados}{}% 8
\BOOKMARK [2][-]{subsection.4.1}{Descri\347\343o Estat\355stica dos dados}{section.4}% 9
\BOOKMARK [2][-]{subsection.4.2}{Dados Dispon\355veis ou ausentes}{section.4}% 10
\BOOKMARK [2][-]{subsection.4.3}{Gr\341ficos}{section.4}% 11
\BOOKMARK [2][-]{subsection.4.4}{Outliers}{section.4}% 12
\BOOKMARK [1][-]{section.5}{Classificador Ing\352nuo de Bayes}{}% 13
\BOOKMARK [2][-]{subsection.5.1}{Defini\347\343o Formal do Teorema de Bayes}{section.5}% 14
\BOOKMARK [2][-]{subsection.5.2}{Tipos de Classificadores Ing\352nuos de Bayes}{section.5}% 15
\BOOKMARK [3][-]{subsubsection.5.2.1}{Bayes Ing\352nuo Gaussiano}{subsection.5.2}% 16
\BOOKMARK [3][-]{subsubsection.5.2.2}{Bayes Ing\352nuo Categ\363rico}{subsection.5.2}% 17
\BOOKMARK [2][-]{subsection.5.3}{Sobre o Projeto}{section.5}% 18
\BOOKMARK [1][-]{section.6}{Experimentos}{}% 19
\BOOKMARK [2][-]{subsection.6.1}{Experimentos Iniciais}{section.6}% 20
\BOOKMARK [2][-]{subsection.6.2}{Usando Apenas a Vari\341vel Age Para Treino}{section.6}% 21
\BOOKMARK [2][-]{subsection.6.3}{Usando Apenas Vari\341veis Num\351ricas Para Treino}{section.6}% 22
\BOOKMARK [1][-]{section.7}{An\341lise dos Resultados}{}% 23
\BOOKMARK [1][-]{section.8}{Conclus\365es e Discuss\365es}{}% 24
\BOOKMARK [1][-]{section*.1}{References}{}% 25
